2021-04-20 16:57:21,182 - main.py[line:33] - DEBUG: 原数据size: (1132, 816)
2021-04-20 16:57:21,195 - main.py[line:35] - DEBUG: 原数据X_size: (1132, 815), y_size: (1132,)
2021-04-20 16:57:21,196 - main.py[line:36] - DEBUG: 原数据y分布: Counter({0: 876, 1: 256})
2021-04-20 16:57:21,196 - main.py[line:51] - DEBUG: 文本数据: (1132, 768)
2021-04-20 16:57:21,196 - main.py[line:52] - DEBUG: 数值数据: (1132, 47)
2021-04-20 16:57:21,199 - main.py[line:54] - DEBUG: 分割后X_size:(1132, 815), y_size:(1132,)
2021-04-20 16:57:21,242 - main.py[line:58] - DEBUG: 插值后y分布: Counter({0: 876, 1: 876})
2021-04-20 16:57:21,249 - main.py[line:61] - DEBUG: (1226, 815)_(526, 815)_(1226,)_(526,)
2021-04-20 16:57:28,879 - tpu_cluster_resolver.py[line:34] - DEBUG: Falling back to TensorFlow client; we recommended you install the Cloud TPU client directly with pip install cloud-tpu-client.
2021-04-20 16:57:46,474 - main.py[line:164] - INFO: flag  current  run  epoch  loss  accuracy  precision  recall  f1  auc  epoch_duration  run_duration  lr  batch_size  shuffle  device  num_workers
2021-04-20 16:57:46,474 - main.py[line:165] - INFO: ALL  Train  1  1  0.774315  0.516313  0.513685  0.598344  0.545211  0.517629  14.435338  19.341671  0.01  50  False  cuda  1
2021-04-20 16:57:52,171 - main.py[line:165] - INFO: ALL  Train  1  2  0.738268  0.508972  0.504742  0.587678  0.534387  0.510922  5.54676  25.049053  0.01  50  False  cuda  1
2021-04-20 16:57:55,939 - main.py[line:165] - INFO: ALL  Train  1  3  0.732179  0.52447  0.505157  0.504004  0.487439  0.525928  3.55391  28.752598  0.01  50  False  cuda  1
2021-04-20 16:57:59,707 - main.py[line:165] - INFO: ALL  Train  1  4  0.742727  0.532626  0.515474  0.526952  0.511595  0.53159  3.55608  32.525047  0.01  50  False  cuda  1
2021-04-20 16:58:01,773 - main.py[line:229] - INFO: ALL  Test  1  1  0.759943  0.557034  0.546189  0.695696  0.606943  0.551683  2.066463  34.80096  0.01  50  False  cuda  1
2021-04-20 16:58:04,389 - main.py[line:165] - INFO: ALL  Train  1  5  0.72238  0.540783  0.525578  0.555866  0.523452  0.54635  2.413641  37.214601  0.01  50  False  cuda  1
2021-04-20 16:58:06,564 - main.py[line:165] - INFO: ALL  Train  1  6  0.69608  0.590538  0.600256  0.54899  0.561067  0.588736  2.017605  39.434029  0.01  50  False  cuda  1
2021-04-20 16:58:08,959 - main.py[line:165] - INFO: ALL  Train  1  7  0.684934  0.597879  0.594343  0.648422  0.606182  0.603336  2.213082  41.806684  0.01  50  False  cuda  1
2021-04-20 16:58:11,221 - main.py[line:165] - INFO: ALL  Train  1  8  0.655132  0.639478  0.632262  0.666187  0.639286  0.646018  2.067471  44.057665  0.01  50  False  cuda  1
2021-04-20 16:58:13,168 - main.py[line:229] - INFO: ALL  Test  1  2  0.754967  0.659696  0.633622  0.72461  0.672882  0.651426  1.945788  46.194365  0.01  50  False  cuda  1
2021-04-20 16:58:15,528 - main.py[line:165] - INFO: ALL  Train  1  9  0.629006  0.688418  0.668382  0.747214  0.69863  0.693351  2.2061  48.401429  0.01  50  False  cuda  1
2021-04-20 16:58:18,179 - main.py[line:165] - INFO: ALL  Train  1  10  0.578029  0.737357  0.714051  0.794464  0.745031  0.739053  2.212061  50.768089  0.01  50  False  cuda  1
2021-04-20 16:58:20,883 - main.py[line:165] - INFO: ALL  Train  1  11  0.532626  0.742251  0.727681  0.798571  0.74937  0.746554  2.40648  53.616441  0.01  50  False  cuda  1
2021-04-20 16:58:23,590 - main.py[line:165] - INFO: ALL  Train  1  12  0.431517  0.818108  0.806075  0.835891  0.81497  0.815841  2.448452  56.365092  0.01  50  False  cuda  1
2021-04-20 16:58:25,667 - main.py[line:229] - INFO: ALL  Test  1  3  0.61421  0.737643  0.686062  0.851415  0.755177  0.731359  2.071462  58.693865  0.01  50  False  cuda  1
2021-04-20 16:58:28,030 - main.py[line:165] - INFO: ALL  Train  1  13  0.369693  0.849918  0.8492  0.853535  0.844299  0.847775  2.196129  60.890991  0.01  50  False  cuda  1
2021-04-20 16:58:30,653 - main.py[line:165] - INFO: ALL  Train  1  14  0.291607  0.881729  0.865816  0.906082  0.882991  0.88054  2.458763  63.516341  0.01  50  False  cuda  1
2021-04-20 16:58:32,963 - main.py[line:165] - INFO: ALL  Train  1  15  0.300828  0.887439  0.894754  0.872537  0.879718  0.885596  2.13529  65.816192  0.01  50  False  cuda  1
2021-04-20 16:58:35,731 - main.py[line:165] - INFO: ALL  Train  1  16  0.236267  0.90783  0.902961  0.915045  0.90584  0.904975  2.44646  68.440206  0.01  50  False  cuda  1
2021-04-20 16:58:37,767 - main.py[line:229] - INFO: ALL  Test  1  4  0.741756  0.773764  0.724049  0.903945  0.798977  0.778089  2.03157  70.793914  0.01  50  False  cuda  1
