2021-04-20 16:24:08,770 - C:/Users/wangkc/anacoda/lab/v7(2021.4)/main.py[line:33] - DEBUG: 原数据size: (1132, 816)
2021-04-20 16:24:08,792 - C:/Users/wangkc/anacoda/lab/v7(2021.4)/main.py[line:35] - DEBUG: 原数据X_size: (1132, 815), y_size: (1132,)
2021-04-20 16:24:08,795 - C:/Users/wangkc/anacoda/lab/v7(2021.4)/main.py[line:36] - DEBUG: 原数据y分布: Counter({0: 876, 1: 256})
2021-04-20 16:24:08,795 - C:/Users/wangkc/anacoda/lab/v7(2021.4)/main.py[line:41] - DEBUG: 文本数据: (1132, 768)
2021-04-20 16:24:08,795 - C:/Users/wangkc/anacoda/lab/v7(2021.4)/main.py[line:42] - DEBUG: 数值数据: (1132, 47)
2021-04-20 16:24:08,800 - C:/Users/wangkc/anacoda/lab/v7(2021.4)/main.py[line:44] - DEBUG: 分割后X_size:(1132, 815), y_size:(1132,)
2021-04-20 16:24:08,884 - C:/Users/wangkc/anacoda/lab/v7(2021.4)/main.py[line:48] - DEBUG: 插值后y分布: Counter({0: 876, 1: 876})
2021-04-20 16:24:08,906 - C:/Users/wangkc/anacoda/lab/v7(2021.4)/main.py[line:51] - DEBUG: (1226, 815)_(526, 815)_(1226,)_(526,)
2021-04-20 16:24:21,533 - C:\Users\wangkc\AppData\Roaming\Python\Python38\site-packages\tensorflow\python\distribute\cluster_resolver\tpu\tpu_cluster_resolver.py[line:34] - DEBUG: Falling back to TensorFlow client; we recommended you install the Cloud TPU client directly with pip install cloud-tpu-client.
2021-04-20 16:24:34,399 - C:/Users/wangkc/anacoda/lab/v7(2021.4)/main.py[line:154] - INFO: flag  current  run  epoch  loss  accuracy  precision  recall  f1  auc  epoch_duration  run_duration  lr  batch_size  shuffle  device  num_workers
2021-04-20 16:24:34,400 - C:/Users/wangkc/anacoda/lab/v7(2021.4)/main.py[line:155] - INFO: feature_all  Train  1  1  0.7545  0.526917  0.521279  0.528584  0.514642  0.528415  9.746582  14.123943  0.01  50  False  cuda  1
2021-04-20 16:24:37,296 - C:/Users/wangkc/anacoda/lab/v7(2021.4)/main.py[line:155] - INFO: feature_all  Train  1  2  0.6826  0.594617  0.579892  0.605753  0.587357  0.597641  2.735906  17.035343  0.01  50  False  cuda  1
2021-04-20 16:24:39,847 - C:/Users/wangkc/anacoda/lab/v7(2021.4)/main.py[line:155] - INFO: feature_all  Train  1  3  0.652411  0.655791  0.628155  0.721571  0.668187  0.659237  2.04254  19.237419  0.01  50  False  cuda  1
2021-04-20 16:24:42,119 - C:/Users/wangkc/anacoda/lab/v7(2021.4)/main.py[line:155] - INFO: feature_all  Train  1  4  0.62329  0.682708  0.668375  0.697133  0.677749  0.686339  2.090438  21.835681  0.01  50  False  cuda  1
2021-04-20 16:24:44,460 - C:/Users/wangkc/anacoda/lab/v7(2021.4)/main.py[line:219] - INFO: feature_all  Test  1  1  0.702654  0.621673  0.633613  0.6529  0.638352  0.607085  2.336752  24.356912  0.01  50  False  cuda  1
2021-04-20 16:24:46,904 - C:/Users/wangkc/anacoda/lab/v7(2021.4)/main.py[line:155] - INFO: feature_all  Train  1  5  0.572392  0.720228  0.713024  0.735325  0.716816  0.722808  2.278053  26.63696  0.01  50  False  cuda  1
2021-04-20 16:24:49,317 - C:/Users/wangkc/anacoda/lab/v7(2021.4)/main.py[line:155] - INFO: feature_all  Train  1  6  0.477991  0.783034  0.775135  0.797525  0.78029  0.786649  2.244001  29.048513  0.01  50  False  cuda  1
2021-04-20 16:24:51,653 - C:/Users/wangkc/anacoda/lab/v7(2021.4)/main.py[line:155] - INFO: feature_all  Train  1  7  0.458049  0.798532  0.789912  0.806016  0.794717  0.801186  2.160292  31.37835  0.01  50  False  cuda  1
2021-04-20 16:24:54,128 - C:/Users/wangkc/anacoda/lab/v7(2021.4)/main.py[line:155] - INFO: feature_all  Train  1  8  0.391037  0.831974  0.816011  0.85333  0.830338  0.833618  2.261953  33.815765  0.01  50  False  cuda  1
2021-04-20 16:24:56,885 - C:/Users/wangkc/anacoda/lab/v7(2021.4)/main.py[line:219] - INFO: feature_all  Test  1  2  0.86575  0.684411  0.694519  0.719137  0.702658  0.684828  2.753675  36.781871  0.01  50  False  cuda  1
2021-04-20 16:24:59,318 - C:/Users/wangkc/anacoda/lab/v7(2021.4)/main.py[line:155] - INFO: feature_all  Train  1  9  0.368638  0.84584  0.832982  0.863029  0.845346  0.850809  2.158262  38.941126  0.01  50  False  cuda  1
2021-04-20 16:25:01,740 - C:/Users/wangkc/anacoda/lab/v7(2021.4)/main.py[line:155] - INFO: feature_all  Train  1  10  0.313154  0.884992  0.878461  0.89166  0.883905  0.884186  2.255004  41.475318  0.01  50  False  cuda  1
2021-04-20 16:25:04,024 - C:/Users/wangkc/anacoda/lab/v7(2021.4)/main.py[line:155] - INFO: feature_all  Train  1  11  0.342141  0.858891  0.862361  0.854909  0.853911  0.860354  2.088437  43.730288  0.01  50  False  cuda  1
2021-04-20 16:25:06,490 - C:/Users/wangkc/anacoda/lab/v7(2021.4)/main.py[line:155] - INFO: feature_all  Train  1  12  0.249872  0.905383  0.893104  0.922066  0.904801  0.908709  2.29888  46.222616  0.01  50  False  cuda  1
2021-04-20 16:25:08,494 - C:/Users/wangkc/anacoda/lab/v7(2021.4)/main.py[line:219] - INFO: feature_all  Test  1  3  0.858314  0.712928  0.69059  0.830269  0.750249  0.708887  2.002596  48.390792  0.01  50  False  cuda  1
2021-04-20 16:25:10,867 - C:/Users/wangkc/anacoda/lab/v7(2021.4)/main.py[line:155] - INFO: feature_all  Train  1  13  0.190749  0.91925  0.919597  0.920885  0.918649  0.922118  2.192173  50.583962  0.01  50  False  cuda  1
2021-04-20 16:25:13,831 - C:/Users/wangkc/anacoda/lab/v7(2021.4)/main.py[line:155] - INFO: feature_all  Train  1  14  0.216275  0.9323  0.924142  0.9359  0.928226  0.929875  2.768612  53.536084  0.01  50  False  cuda  1
2021-04-20 16:25:16,294 - C:/Users/wangkc/anacoda/lab/v7(2021.4)/main.py[line:155] - INFO: feature_all  Train  1  15  0.16748  0.937194  0.934484  0.940025  0.935229  0.939757  2.302841  56.03535  0.01  50  False  cuda  1
2021-04-20 16:25:18,733 - C:/Users/wangkc/anacoda/lab/v7(2021.4)/main.py[line:155] - INFO: feature_all  Train  1  16  0.175045  0.940457  0.933954  0.946725  0.939038  0.941151  2.263978  58.455946  0.01  50  False  cuda  1
2021-04-20 16:25:20,809 - C:/Users/wangkc/anacoda/lab/v7(2021.4)/main.py[line:219] - INFO: feature_all  Test  1  4  0.882535  0.737643  0.729046  0.807405  0.762146  0.738455  2.071498  60.705899  0.01  50  False  cuda  1
2021-04-20 16:25:23,496 - C:/Users/wangkc/anacoda/lab/v7(2021.4)/main.py[line:155] - INFO: feature_all  Train  1  17  0.127379  0.955139  0.951503  0.954647  0.952036  0.955281  2.499313  63.20724  0.01  50  False  cuda  1
2021-04-20 16:25:26,135 - C:/Users/wangkc/anacoda/lab/v7(2021.4)/main.py[line:155] - INFO: feature_all  Train  1  18  0.096733  0.971452  0.96717  0.977252  0.971532  0.97211  2.475031  65.8717  0.01  50  False  cuda  1
