2021-04-20 16:58:59,086 - main.py[line:33] - DEBUG: 原数据size: (1132, 816)
2021-04-20 16:58:59,098 - main.py[line:35] - DEBUG: 原数据X_size: (1132, 815), y_size: (1132,)
2021-04-20 16:58:59,099 - main.py[line:36] - DEBUG: 原数据y分布: Counter({0: 876, 1: 256})
2021-04-20 16:58:59,099 - main.py[line:51] - DEBUG: 文本数据: (1132, 768)
2021-04-20 16:58:59,099 - main.py[line:52] - DEBUG: 数值数据: (1132, 47)
2021-04-20 16:58:59,102 - main.py[line:54] - DEBUG: 分割后X_size:(1132, 815), y_size:(1132,)
2021-04-20 16:58:59,134 - main.py[line:58] - DEBUG: 插值后y分布: Counter({0: 876, 1: 876})
2021-04-20 16:58:59,168 - main.py[line:61] - DEBUG: (1226, 815)_(526, 815)_(1226,)_(526,)
2021-04-20 16:59:02,384 - tpu_cluster_resolver.py[line:34] - DEBUG: Falling back to TensorFlow client; we recommended you install the Cloud TPU client directly with pip install cloud-tpu-client.
2021-04-20 16:59:07,550 - main.py[line:164] - INFO: flag  current  run  epoch  loss  accuracy  precision  recall  f1  auc  epoch_duration  run_duration  lr  batch_size  shuffle  device  num_workers
2021-04-20 16:59:07,552 - main.py[line:165] - INFO: ALL  Train  1  1  0.757457  0.508157  0.485102  0.441973  0.455233  0.507885  3.202588  5.704268  0.01  50  False  cuda  1
2021-04-20 16:59:09,804 - main.py[line:165] - INFO: ALL  Train  1  2  0.706062  0.582382  0.583367  0.59112  0.580524  0.583369  2.095375  8.002136  0.01  50  False  cuda  1
2021-04-20 16:59:12,162 - main.py[line:165] - INFO: ALL  Train  1  3  0.71986  0.596248  0.592839  0.611434  0.594307  0.596213  2.204101  10.364835  0.01  50  False  cuda  1
2021-04-20 16:59:14,357 - main.py[line:165] - INFO: ALL  Train  1  4  0.696461  0.595432  0.60273  0.634838  0.601131  0.601162  2.040519  12.559937  0.01  50  False  cuda  1
2021-04-20 16:59:16,242 - main.py[line:229] - INFO: ALL  Test  1  1  0.738799  0.579848  0.565946  0.721358  0.6315  0.581742  1.885023  14.596628  0.01  50  False  cuda  1
2021-04-20 16:59:18,493 - main.py[line:165] - INFO: ALL  Train  1  5  0.684483  0.632137  0.651484  0.601073  0.616704  0.634987  2.09483  16.692456  0.01  50  False  cuda  1
2021-04-20 16:59:20,748 - main.py[line:165] - INFO: ALL  Train  1  6  0.599001  0.711256  0.685812  0.779858  0.72556  0.710639  2.103337  18.95039  0.01  50  False  cuda  1
2021-04-20 16:59:22,934 - main.py[line:165] - INFO: ALL  Train  1  7  0.560812  0.73491  0.730791  0.745817  0.731165  0.733081  1.997593  21.102635  0.01  50  False  cuda  1
2021-04-20 16:59:25,085 - main.py[line:165] - INFO: ALL  Train  1  8  0.524681  0.761011  0.745906  0.802982  0.76853  0.763917  1.992637  23.281807  0.01  50  False  cuda  1
2021-04-20 16:59:26,972 - main.py[line:229] - INFO: ALL  Test  1  2  0.662801  0.701521  0.684447  0.746104  0.711704  0.699989  1.883963  25.326341  0.01  50  False  cuda  1
2021-04-20 16:59:29,555 - main.py[line:165] - INFO: ALL  Train  2  1  0.815103  0.50571  0.493798  0.514198  0.496986  0.496661  2.252001  2.256988  0.01  100  False  cuda  1
2021-04-20 16:59:31,706 - main.py[line:165] - INFO: ALL  Train  2  2  0.767406  0.515498  0.500429  0.526734  0.504689  0.509433  1.94381  4.482048  0.01  100  False  cuda  1
2021-04-20 16:59:33,809 - main.py[line:165] - INFO: ALL  Train  2  3  0.77796  0.525285  0.49973  0.595817  0.537502  0.519729  1.919902  6.612352  0.01  100  False  cuda  1
2021-04-20 16:59:35,931 - main.py[line:165] - INFO: ALL  Train  2  4  0.752189  0.476346  0.464638  0.406688  0.428878  0.475251  1.945759  8.737633  0.01  100  False  cuda  1
2021-04-20 16:59:38,072 - main.py[line:229] - INFO: ALL  Test  2  1  0.736015  0.496198  0.51268  0.38148  0.430421  0.504388  2.139305  11.053509  0.01  50  False  cuda  1
2021-04-20 16:59:40,225 - main.py[line:165] - INFO: ALL  Train  2  5  0.739643  0.535073  0.537393  0.525053  0.524825  0.540027  1.972771  13.028274  0.01  100  False  cuda  1
2021-04-20 16:59:42,304 - main.py[line:165] - INFO: ALL  Train  2  6  0.715189  0.602773  0.589311  0.634317  0.607944  0.599232  1.906901  15.115666  0.01  100  False  cuda  1
2021-04-20 16:59:44,426 - main.py[line:165] - INFO: ALL  Train  2  7  0.657796  0.67292  0.660211  0.703143  0.677041  0.675714  1.920902  17.212099  0.01  100  False  cuda  1
2021-04-20 16:59:46,538 - main.py[line:165] - INFO: ALL  Train  2  8  0.590084  0.730016  0.720009  0.777698  0.742804  0.738981  1.91092  19.324482  0.01  100  False  cuda  1
2021-04-20 16:59:48,494 - main.py[line:229] - INFO: ALL  Test  2  2  0.710432  0.652091  0.6374  0.680424  0.655894  0.648644  1.954737  21.475699  0.01  50  False  cuda  1
2021-04-20 16:59:50,776 - main.py[line:165] - INFO: ALL  Train  3  1  0.694787  0.574225  0.575931  0.606512  0.584438  0.578071  2.068469  2.073455  0.001  50  False  cuda  1
2021-04-20 16:59:52,957 - main.py[line:165] - INFO: ALL  Train  3  2  0.623954  0.668026  0.662006  0.707956  0.678714  0.675359  1.997664  4.225734  0.001  50  False  cuda  1
2021-04-20 16:59:55,102 - main.py[line:165] - INFO: ALL  Train  3  3  0.559067  0.729201  0.721058  0.768341  0.736138  0.738999  1.996637  6.401915  0.001  50  False  cuda  1
2021-04-20 16:59:57,328 - main.py[line:165] - INFO: ALL  Train  3  4  0.487059  0.785481  0.784188  0.811669  0.79249  0.794838  2.078443  8.631952  0.001  50  False  cuda  1
2021-04-20 16:59:59,182 - main.py[line:229] - INFO: ALL  Test  3  1  0.651147  0.692015  0.692668  0.692627  0.690232  0.690527  1.85008  10.629637  0.001  50  False  cuda  1
2021-04-20 17:00:01,349 - main.py[line:165] - INFO: ALL  Train  3  5  0.378391  0.857259  0.837236  0.884108  0.857022  0.857115  2.018603  12.649211  0.001  50  False  cuda  1
2021-04-20 17:00:03,576 - main.py[line:165] - INFO: ALL  Train  3  6  0.297306  0.896411  0.888078  0.91163  0.897702  0.898457  2.032565  14.834367  0.001  50  False  cuda  1
2021-04-20 17:00:05,768 - main.py[line:165] - INFO: ALL  Train  3  7  0.247245  0.905383  0.908391  0.908279  0.906428  0.907849  2.005637  17.032534  0.001  50  False  cuda  1
2021-04-20 17:00:07,928 - main.py[line:165] - INFO: ALL  Train  3  8  0.236883  0.914356  0.913984  0.922357  0.916205  0.918358  2.003642  19.222067  0.001  50  False  cuda  1
2021-04-20 17:00:09,783 - main.py[line:229] - INFO: ALL  Test  3  2  0.695634  0.750951  0.749721  0.76016  0.751172  0.751524  1.852049  21.230697  0.001  50  False  cuda  1
2021-04-20 17:00:11,916 - main.py[line:165] - INFO: ALL  Train  4  1  0.722782  0.555465  0.555799  0.661206  0.598499  0.566306  1.934826  1.938816  0.001  100  False  cuda  1
2021-04-20 17:00:14,009 - main.py[line:165] - INFO: ALL  Train  4  2  0.643341  0.67863  0.688407  0.692079  0.685346  0.69078  1.91088  3.998336  0.001  100  False  cuda  1
2021-04-20 17:00:16,119 - main.py[line:165] - INFO: ALL  Train  4  3  0.566413  0.728385  0.72871  0.765934  0.743368  0.741982  1.928839  6.144963  0.001  100  False  cuda  1
2021-04-20 17:00:18,178 - main.py[line:165] - INFO: ALL  Train  4  4  0.461099  0.785481  0.791207  0.805781  0.79584  0.797795  1.910846  8.202461  0.001  100  False  cuda  1
2021-04-20 17:00:20,099 - main.py[line:229] - INFO: ALL  Test  4  1  0.604011  0.701521  0.697636  0.707951  0.698798  0.698092  1.917872  10.269933  0.001  50  False  cuda  1
2021-04-20 17:00:22,175 - main.py[line:165] - INFO: ALL  Train  4  5  0.395183  0.828711  0.820528  0.854732  0.832443  0.834485  1.930863  12.201793  0.001  100  False  cuda  1
2021-04-20 17:00:24,225 - main.py[line:165] - INFO: ALL  Train  4  6  0.3438  0.850734  0.857856  0.857286  0.855397  0.85821  1.903888  14.252299  0.001  100  False  cuda  1
2021-04-20 17:00:26,356 - main.py[line:165] - INFO: ALL  Train  4  7  0.341625  0.865416  0.859243  0.892994  0.87401  0.872412  1.974746  16.374636  0.001  100  False  cuda  1
2021-04-20 17:00:28,504 - main.py[line:165] - INFO: ALL  Train  4  8  0.306875  0.871941  0.891291  0.872551  0.876278  0.879463  1.993604  18.521868  0.001  100  False  cuda  1
2021-04-20 17:00:30,469 - main.py[line:229] - INFO: ALL  Test  4  2  0.554679  0.781369  0.738241  0.899962  0.808206  0.78722  1.96279  20.640241  0.001  50  False  cuda  1
2021-04-20 17:00:33,924 - main.py[line:237] - INFO: Network(
  (bn_text): BatchNorm1d(768, eps=1e-05, momentum=0.1, affine=True, track_running_stats=True)
  (bn_digital): BatchNorm1d(47, eps=1e-05, momentum=0.1, affine=True, track_running_stats=True)
  (fc_text_1): Linear(in_features=768, out_features=128, bias=True)
  (fc_digital_1): Linear(in_features=47, out_features=64, bias=True)
  (fc_connect_1): Linear(in_features=192, out_features=256, bias=True)
  (fc_connect_2): Linear(in_features=256, out_features=128, bias=True)
  (fc_connect_3): Linear(in_features=128, out_features=64, bias=True)
  (fc_connect_4): Linear(in_features=64, out_features=2, bias=True)
)
2021-04-20 17:00:34,191 - main.py[line:33] - DEBUG: 原数据size: (1132, 816)
2021-04-20 17:00:34,203 - main.py[line:35] - DEBUG: 原数据X_size: (1132, 815), y_size: (1132,)
2021-04-20 17:00:34,203 - main.py[line:36] - DEBUG: 原数据y分布: Counter({0: 876, 1: 256})
2021-04-20 17:00:34,203 - main.py[line:51] - DEBUG: 文本数据: (1132, 768)
2021-04-20 17:00:34,203 - main.py[line:52] - DEBUG: 数值数据: (1132, 4)
2021-04-20 17:00:34,206 - main.py[line:54] - DEBUG: 分割后X_size:(1132, 772), y_size:(1132,)
2021-04-20 17:00:34,235 - main.py[line:58] - DEBUG: 插值后y分布: Counter({0: 876, 1: 876})
2021-04-20 17:00:34,241 - main.py[line:61] - DEBUG: (1226, 772)_(526, 772)_(1226,)_(526,)
2021-04-20 17:00:36,515 - main.py[line:164] - INFO: flag  current  run  epoch  loss  accuracy  precision  recall  f1  auc  epoch_duration  run_duration  lr  batch_size  shuffle  device  num_workers
2021-04-20 17:00:36,515 - main.py[line:165] - INFO: demography  Train  1  1  0.76328  0.482871  0.489751  0.483297  0.478277  0.480882  2.086506  2.1204  0.01  50  False  cuda  1
2021-04-20 17:00:38,793 - main.py[line:165] - INFO: demography  Train  1  2  0.729064  0.508157  0.514056  0.570787  0.534337  0.504487  2.137862  4.400881  0.01  50  False  cuda  1
2021-04-20 17:00:41,023 - main.py[line:165] - INFO: demography  Train  1  3  0.747932  0.521207  0.524924  0.540528  0.524281  0.518002  2.0934  6.633915  0.01  50  False  cuda  1
2021-04-20 17:00:43,400 - main.py[line:165] - INFO: demography  Train  1  4  0.745764  0.508972  0.510371  0.531497  0.511433  0.502784  2.230783  9.003357  0.01  50  False  cuda  1
2021-04-20 17:00:45,304 - main.py[line:229] - INFO: demography  Test  1  1  0.741387  0.522814  0.489052  0.62424  0.545787  0.528618  1.901878  11.050882  0.01  50  False  cuda  1
2021-04-20 17:00:47,457 - main.py[line:165] - INFO: demography  Train  1  5  0.755215  0.511419  0.511023  0.543649  0.512665  0.512273  2.010596  13.062503  0.01  50  False  cuda  1
2021-04-20 17:00:49,600 - main.py[line:165] - INFO: demography  Train  1  6  0.719701  0.504894  0.51822  0.546645  0.522849  0.51032  2.002645  15.207767  0.01  50  False  cuda  1
2021-04-20 17:00:51,786 - main.py[line:165] - INFO: demography  Train  1  7  0.716325  0.539152  0.549462  0.585195  0.55798  0.544818  2.044533  17.392924  0.01  50  False  cuda  1
2021-04-20 17:00:53,957 - main.py[line:165] - INFO: demography  Train  1  8  0.695141  0.575041  0.586549  0.585089  0.578238  0.580244  2.025611  19.561154  0.01  50  False  cuda  1
2021-04-20 17:00:55,843 - main.py[line:229] - INFO: demography  Test  1  2  0.715988  0.585551  0.554991  0.615307  0.578275  0.587956  1.882991  21.589728  0.01  50  False  cuda  1
2021-04-20 17:00:57,978 - main.py[line:165] - INFO: demography  Train  2  1  0.823152  0.515498  0.479273  0.482386  0.473898  0.509231  1.967731  1.972761  0.01  100  False  cuda  1
2021-04-20 17:01:00,106 - main.py[line:165] - INFO: demography  Train  2  2  0.764687  0.503263  0.522276  0.552225  0.527213  0.513783  1.96087  4.082198  0.01  100  False  cuda  1
2021-04-20 17:01:02,194 - main.py[line:165] - INFO: demography  Train  2  3  0.756427  0.51876  0.517513  0.576646  0.536916  0.519308  1.916863  6.165587  0.01  100  False  cuda  1
2021-04-20 17:01:04,250 - main.py[line:165] - INFO: demography  Train  2  4  0.764048  0.51876  0.512755  0.557624  0.51723  0.515475  1.906951  8.248044  0.01  100  False  cuda  1
2021-04-20 17:01:06,147 - main.py[line:229] - INFO: demography  Test  2  1  0.732351  0.522814  0.495202  0.493323  0.492152  0.523531  1.895944  10.288637  0.01  50  False  cuda  1
2021-04-20 17:01:08,227 - main.py[line:165] - INFO: demography  Train  2  5  0.758667  0.539967  0.535032  0.544147  0.534814  0.532833  1.936855  12.22646  0.01  100  False  cuda  1
2021-04-20 17:01:10,271 - main.py[line:165] - INFO: demography  Train  2  6  0.744804  0.56199  0.556131  0.661381  0.597373  0.564047  1.89789  14.268999  0.01  100  False  cuda  1
2021-04-20 17:01:12,354 - main.py[line:165] - INFO: demography  Train  2  7  0.728375  0.602773  0.60358  0.653538  0.619632  0.605669  1.927816  16.341457  0.01  100  False  cuda  1
2021-04-20 17:01:14,394 - main.py[line:165] - INFO: demography  Train  2  8  0.671347  0.623165  0.629193  0.675979  0.644527  0.632886  1.892936  18.390076  0.01  100  False  cuda  1
2021-04-20 17:01:16,246 - main.py[line:229] - INFO: demography  Test  2  2  0.682522  0.623574  0.594045  0.661534  0.623609  0.628714  1.851096  20.387758  0.01  50  False  cuda  1
2021-04-20 17:01:18,724 - main.py[line:165] - INFO: demography  Train  3  1  0.716873  0.502447  0.51662  0.550038  0.508724  0.509295  2.200121  2.20411  0.001  50  False  cuda  1
2021-04-20 17:01:21,864 - main.py[line:165] - INFO: demography  Train  3  2  0.676745  0.595432  0.59655  0.671906  0.625889  0.599918  2.97919  5.42166  0.001  50  False  cuda  1
2021-04-20 17:01:24,298 - main.py[line:165] - INFO: demography  Train  3  3  0.603624  0.69168  0.689358  0.733401  0.706111  0.696489  2.277874  7.863118  0.001  50  False  cuda  1
2021-04-20 17:01:26,717 - main.py[line:165] - INFO: demography  Train  3  4  0.506952  0.757749  0.757787  0.788467  0.767826  0.763661  2.164216  10.180924  0.001  50  False  cuda  1
2021-04-20 17:01:28,856 - main.py[line:229] - INFO: demography  Test  3  1  0.64651  0.69962  0.648541  0.772507  0.703912  0.699666  2.136312  12.573549  0.001  50  False  cuda  1
2021-04-20 17:01:31,011 - main.py[line:165] - INFO: demography  Train  3  5  0.426052  0.817292  0.812737  0.837315  0.822555  0.819866  2.009593  14.584147  0.001  50  False  cuda  1
2021-04-20 17:01:33,151 - main.py[line:165] - INFO: demography  Train  3  6  0.311053  0.87602  0.882078  0.884933  0.880708  0.878802  1.996663  16.727418  0.001  50  False  cuda  1
2021-04-20 17:01:35,321 - main.py[line:165] - INFO: demography  Train  3  7  0.276424  0.902936  0.892454  0.912643  0.899916  0.899477  2.026581  18.895618  0.001  50  False  cuda  1
2021-04-20 17:01:37,531 - main.py[line:165] - INFO: demography  Train  3  8  0.260098  0.905383  0.900386  0.926643  0.911599  0.907582  2.06448  21.103804  0.001  50  False  cuda  1
2021-04-20 17:01:39,375 - main.py[line:229] - INFO: demography  Test  3  2  0.497769  0.80038  0.766134  0.835447  0.796067  0.80338  1.842073  23.091489  0.001  50  False  cuda  1
2021-04-20 17:01:41,537 - main.py[line:165] - INFO: demography  Train  4  1  0.743403  0.514682  0.532627  0.55154  0.50908  0.517466  1.962706  1.967711  0.001  100  False  cuda  1
2021-04-20 17:01:43,561 - main.py[line:165] - INFO: demography  Train  4  2  0.691077  0.631321  0.616761  0.727048  0.663595  0.634111  1.879973  3.9913  0.001  100  False  cuda  1
2021-04-20 17:01:45,676 - main.py[line:165] - INFO: demography  Train  4  3  0.620645  0.683524  0.694657  0.736527  0.713327  0.699813  1.928843  6.063758  0.001  100  False  cuda  1
2021-04-20 17:01:47,826 - main.py[line:165] - INFO: demography  Train  4  4  0.516102  0.745514  0.755867  0.783557  0.767317  0.759568  1.975753  8.230009  0.001  100  False  cuda  1
2021-04-20 17:01:50,247 - main.py[line:229] - INFO: demography  Test  4  1  0.606022  0.697719  0.656231  0.757108  0.701146  0.701152  2.419466  10.820049  0.001  50  False  cuda  1
2021-04-20 17:01:52,727 - main.py[line:165] - INFO: demography  Train  4  5  0.432747  0.82137  0.829249  0.845586  0.835376  0.827534  2.285887  13.107931  0.001  100  False  cuda  1
2021-04-20 17:01:54,895 - main.py[line:165] - INFO: demography  Train  4  6  0.382127  0.834421  0.836405  0.871332  0.851761  0.843079  2.013986  15.317459  0.001  100  False  cuda  1
2021-04-20 17:01:57,011 - main.py[line:165] - INFO: demography  Train  4  7  0.322462  0.875204  0.878799  0.897348  0.8863  0.882863  1.931839  17.402949  0.001  100  False  cuda  1
2021-04-20 17:01:59,224 - main.py[line:165] - INFO: demography  Train  4  8  0.28805  0.888254  0.893332  0.909553  0.899006  0.895521  2.059499  19.644912  0.001  100  False  cuda  1
2021-04-20 17:02:01,406 - main.py[line:229] - INFO: demography  Test  4  2  0.607975  0.781369  0.749552  0.832995  0.785652  0.787451  2.179174  21.979663  0.001  50  False  cuda  1
2021-04-20 17:02:01,426 - main.py[line:237] - INFO: Network(
  (bn_text): BatchNorm1d(768, eps=1e-05, momentum=0.1, affine=True, track_running_stats=True)
  (bn_digital): BatchNorm1d(4, eps=1e-05, momentum=0.1, affine=True, track_running_stats=True)
  (fc_text_1): Linear(in_features=768, out_features=128, bias=True)
  (fc_digital_1): Linear(in_features=4, out_features=64, bias=True)
  (fc_connect_1): Linear(in_features=192, out_features=256, bias=True)
  (fc_connect_2): Linear(in_features=256, out_features=128, bias=True)
  (fc_connect_3): Linear(in_features=128, out_features=64, bias=True)
  (fc_connect_4): Linear(in_features=64, out_features=2, bias=True)
)
2021-04-20 17:02:01,687 - main.py[line:33] - DEBUG: 原数据size: (1132, 816)
2021-04-20 17:02:01,699 - main.py[line:35] - DEBUG: 原数据X_size: (1132, 815), y_size: (1132,)
2021-04-20 17:02:01,700 - main.py[line:36] - DEBUG: 原数据y分布: Counter({0: 876, 1: 256})
2021-04-20 17:02:01,700 - main.py[line:51] - DEBUG: 文本数据: (1132, 768)
2021-04-20 17:02:01,700 - main.py[line:52] - DEBUG: 数值数据: (1132, 7)
2021-04-20 17:02:01,703 - main.py[line:54] - DEBUG: 分割后X_size:(1132, 775), y_size:(1132,)
2021-04-20 17:02:01,733 - main.py[line:58] - DEBUG: 插值后y分布: Counter({0: 876, 1: 876})
2021-04-20 17:02:01,739 - main.py[line:61] - DEBUG: (1226, 775)_(526, 775)_(1226,)_(526,)
